mode: set
github.com/achal1304/One2N_GoBootcamp/tree/main.go:8.13,10.2 1 0
github.com/achal1304/One2N_GoBootcamp/tree/cmd/root.go:20.54,22.20 2 0
github.com/achal1304/One2N_GoBootcamp/tree/cmd/root.go:22.20,24.4 1 0
github.com/achal1304/One2N_GoBootcamp/tree/cmd/root.go:25.3,26.17 2 0
github.com/achal1304/One2N_GoBootcamp/tree/cmd/root.go:26.17,29.4 2 0
github.com/achal1304/One2N_GoBootcamp/tree/cmd/root.go:31.3,33.13 2 0
github.com/achal1304/One2N_GoBootcamp/tree/cmd/root.go:39.16,41.16 2 0
github.com/achal1304/One2N_GoBootcamp/tree/cmd/root.go:41.16,43.3 1 0
github.com/achal1304/One2N_GoBootcamp/tree/cmd/root.go:46.13,50.2 2 0
github.com/achal1304/One2N_GoBootcamp/tree/utils/utils.go:8.38,10.16 2 0
github.com/achal1304/One2N_GoBootcamp/tree/utils/utils.go:10.16,13.3 2 0
github.com/achal1304/One2N_GoBootcamp/tree/utils/utils.go:14.2,14.24 1 0
github.com/achal1304/One2N_GoBootcamp/tree/utils/utils.go:17.38,19.16 2 0
github.com/achal1304/One2N_GoBootcamp/tree/utils/utils.go:19.16,21.3 1 0
github.com/achal1304/One2N_GoBootcamp/tree/utils/utils.go:23.2,24.19 2 0
github.com/achal1304/One2N_GoBootcamp/tree/utils/utils.go:24.19,26.3 1 0
github.com/achal1304/One2N_GoBootcamp/tree/utils/utils.go:27.2,27.13 1 0
github.com/achal1304/One2N_GoBootcamp/tree/handler/directory_processor.go:10.78,20.22 4 1
github.com/achal1304/One2N_GoBootcamp/tree/handler/directory_processor.go:20.22,24.3 2 1
github.com/achal1304/One2N_GoBootcamp/tree/handler/directory_processor.go:25.2,25.19 1 1
github.com/achal1304/One2N_GoBootcamp/tree/handler/directory_processor.go:29.38,32.16 3 1
github.com/achal1304/One2N_GoBootcamp/tree/handler/directory_processor.go:32.16,34.3 1 0
github.com/achal1304/One2N_GoBootcamp/tree/handler/directory_processor.go:36.2,37.32 2 1
github.com/achal1304/One2N_GoBootcamp/tree/handler/directory_processor.go:37.32,40.20 3 1
github.com/achal1304/One2N_GoBootcamp/tree/handler/directory_processor.go:40.20,52.4 6 1
github.com/achal1304/One2N_GoBootcamp/tree/handler/directory_processor.go:52.9,61.4 3 1
github.com/achal1304/One2N_GoBootcamp/tree/handler/directory_processor.go:63.2,64.23 2 1
github.com/achal1304/One2N_GoBootcamp/tree/handler/processor.go:10.82,13.26 3 1
github.com/achal1304/One2N_GoBootcamp/tree/handler/processor.go:13.26,16.13 3 1
github.com/achal1304/One2N_GoBootcamp/tree/handler/processor.go:16.13,18.4 1 1
github.com/achal1304/One2N_GoBootcamp/tree/handler/processor.go:19.3,19.31 1 1
github.com/achal1304/One2N_GoBootcamp/tree/handler/processor.go:20.8,22.17 2 1
github.com/achal1304/One2N_GoBootcamp/tree/handler/processor.go:22.17,24.4 1 0
github.com/achal1304/One2N_GoBootcamp/tree/handler/processor.go:25.3,25.27 1 1
github.com/achal1304/One2N_GoBootcamp/tree/handler/processor.go:28.2,30.28 3 1
github.com/achal1304/One2N_GoBootcamp/tree/handler/stdprocessor.go:10.76,16.2 5 1
github.com/achal1304/One2N_GoBootcamp/tree/handler/stdprocessor.go:18.94,19.21 1 1
github.com/achal1304/One2N_GoBootcamp/tree/handler/stdprocessor.go:19.21,21.3 1 0
github.com/achal1304/One2N_GoBootcamp/tree/handler/stdprocessor.go:22.2,24.40 3 1
github.com/achal1304/One2N_GoBootcamp/tree/handler/stdprocessor.go:24.40,25.48 1 1
github.com/achal1304/One2N_GoBootcamp/tree/handler/stdprocessor.go:25.48,29.4 3 1
github.com/achal1304/One2N_GoBootcamp/tree/handler/stdprocessor.go:29.9,29.56 1 1
github.com/achal1304/One2N_GoBootcamp/tree/handler/stdprocessor.go:29.56,33.4 3 1
github.com/achal1304/One2N_GoBootcamp/tree/handler/stdprocessor.go:34.3,34.18 1 1
github.com/achal1304/One2N_GoBootcamp/tree/handler/stdprocessor.go:34.18,37.4 2 1
github.com/achal1304/One2N_GoBootcamp/tree/handler/stdprocessor.go:39.2,39.8 1 1
github.com/achal1304/One2N_GoBootcamp/tree/handler/stdprocessor.go:42.49,44.2 1 1
github.com/achal1304/One2N_GoBootcamp/tree/utils/utils.go:8.38,10.16 2 1
github.com/achal1304/One2N_GoBootcamp/tree/utils/utils.go:10.16,13.3 2 0
github.com/achal1304/One2N_GoBootcamp/tree/utils/utils.go:14.2,14.24 1 1
github.com/achal1304/One2N_GoBootcamp/tree/utils/utils.go:17.38,19.16 2 1
github.com/achal1304/One2N_GoBootcamp/tree/utils/utils.go:19.16,21.3 1 0
github.com/achal1304/One2N_GoBootcamp/tree/utils/utils.go:23.2,24.19 2 1
github.com/achal1304/One2N_GoBootcamp/tree/utils/utils.go:24.19,26.3 1 1
github.com/achal1304/One2N_GoBootcamp/tree/utils/utils.go:27.2,27.13 1 1
